[debug] [2022-10-06T17:42:48.538Z] ----------------------------------------------------------------------
[debug] [2022-10-06T17:42:48.557Z] Command:       C:\Program Files\nodejs\node.exe C:\Users\Dell Admin\AppData\Roaming\npm\node_modules\firebase-tools\lib\bin\firebase.js deploy
[debug] [2022-10-06T17:42:48.561Z] CLI Version:   11.14.0
[debug] [2022-10-06T17:42:48.562Z] Platform:      win32
[debug] [2022-10-06T17:42:48.562Z] Node Version:  v16.14.0
[debug] [2022-10-06T17:42:48.568Z] Time:          Thu Oct 06 2022 20:42:48 GMT+0300 (East Africa Time)
[debug] [2022-10-06T17:42:48.570Z] ----------------------------------------------------------------------
[debug] 
[debug] [2022-10-06T17:42:49.000Z] > command requires scopes: ["email","openid","https://www.googleapis.com/auth/cloudplatformprojects.readonly","https://www.googleapis.com/auth/firebase","https://www.googleapis.com/auth/cloud-platform"]
[debug] [2022-10-06T17:42:49.004Z] > authorizing via signed-in user (ezanawittadele@gmail.com)
[debug] [2022-10-06T17:42:49.006Z] [iam] checking project onlineeducation-5b936 for permissions ["firebase.projects.get","firebasehosting.sites.update"]
[debug] [2022-10-06T17:42:49.021Z] > refreshing access token with scopes: []
[debug] [2022-10-06T17:42:49.037Z] >>> [apiv2][query] POST https://www.googleapis.com/oauth2/v3/token [none]
[debug] [2022-10-06T17:42:49.038Z] >>> [apiv2][body] POST https://www.googleapis.com/oauth2/v3/token [omitted]
[debug] [2022-10-06T17:43:44.064Z] [iam] error while checking permissions, command may fail: FirebaseError: Authentication Error: Your credentials are no longer valid. Please run firebase login --reauth

For CI servers and headless environments, generate a new token with firebase login:ci
[debug] [2022-10-06T17:43:44.068Z] > refreshing access token with scopes: []
[debug] [2022-10-06T17:43:44.070Z] >>> [apiv2][query] POST https://www.googleapis.com/oauth2/v3/token [none]
[debug] [2022-10-06T17:43:44.071Z] >>> [apiv2][body] POST https://www.googleapis.com/oauth2/v3/token [omitted]
[debug] [2022-10-06T18:30:24.700Z] Authentication Error: Your credentials are no longer valid. Please run firebase login --reauth

For CI servers and headless environments, generate a new token with firebase login:ci
[debug] [2022-10-06T18:30:25.160Z] FirebaseError: Authentication Error: Your credentials are no longer valid. Please run firebase login --reauth

For CI servers and headless environments, generate a new token with firebase login:ci
    at invalidCredentialError (C:\Users\Dell Admin\AppData\Roaming\npm\node_modules\firebase-tools\lib\auth.js:144:12)
    at refreshTokens (C:\Users\Dell Admin\AppData\Roaming\npm\node_modules\firebase-tools\lib\auth.js:508:15)
    at processTicksAndRejections (node:internal/process/task_queues:96:5)
    at async Client.getAccessToken (C:\Users\Dell Admin\AppData\Roaming\npm\node_modules\firebase-tools\lib\apiv2.js:149:23)
    at async Client.addAuthHeader (C:\Users\Dell Admin\AppData\Roaming\npm\node_modules\firebase-tools\lib\apiv2.js:140:21)
    at async Client.request (C:\Users\Dell Admin\AppData\Roaming\npm\node_modules\firebase-tools\lib\apiv2.js:96:34)
    at async getFirebaseProject (C:\Users\Dell Admin\AppData\Roaming\npm\node_modules\firebase-tools\lib\management\projects.js:295:21)
    at async getDefaultHostingSite (C:\Users\Dell Admin\AppData\Roaming\npm\node_modules\firebase-tools\lib\getDefaultHostingSite.js:8:21)
    at async requireHostingSite (C:\Users\Dell Admin\AppData\Roaming\npm\node_modules\firebase-tools\lib\requireHostingSite.js:9:18)
    at async Object.fn (C:\Users\Dell Admin\AppData\Roaming\npm\node_modules\firebase-tools\lib\commands\deploy.js:74:9)
    at async C:\Users\Dell Admin\AppData\Roaming\npm\node_modules\firebase-tools\lib\command.js:214:17
[error] 
[error] Error: Failed to get Firebase project onlineeducation-5b936. Please make sure the project exists and your account has permission to access it.
